#
# There is insufficient memory for the Java Runtime Environment to continue.
# Native memory allocation (malloc) failed to allocate 1048576 bytes for AllocateHeap
# Possible reasons:
#   The system is out of physical RAM or swap space
#   In 32 bit mode, the process size limit was hit
# Possible solutions:
#   Reduce memory load on the system
#   Increase physical memory or swap space
#   Check if swap backing store is full
#   Use 64 bit Java on a 64 bit OS
#   Decrease Java heap size (-Xmx/-Xms)
#   Decrease number of Java threads
#   Decrease Java thread stack sizes (-Xss)
#   Set larger code cache with -XX:ReservedCodeCacheSize=
# This output file may be truncated or incomplete.
#
#  Out of Memory Error (memory/allocation.inline.hpp:62), pid=8952, tid=9068
#
# JRE version:  (8.0_20-b26) (build )
# Java VM: Java HotSpot(TM) 64-Bit Server VM (25.20-b23 mixed mode windows-amd64 compressed oops)
# Failed to write core dump. Minidumps are not enabled by default on client versions of Windows
#

---------------  T H R E A D  ---------------

Current thread (0x0000000002e60800):  JavaThread "Unknown thread" [_thread_in_vm, id=9068, stack(0x0000000002d10000,0x0000000002e10000)]

Stack: [0x0000000002d10000,0x0000000002e10000]
Native frames: (J=compiled Java code, j=interpreted, Vv=VM code, C=native code)
V  [jvm.dll+0x3152fa]
V  [jvm.dll+0x265d03]
V  [jvm.dll+0x266943]
V  [jvm.dll+0x25e265]
V  [jvm.dll+0x25d2bf]
V  [jvm.dll+0x3d4dec]
V  [jvm.dll+0x3d0637]
V  [jvm.dll+0xe4472]
V  [jvm.dll+0x1f8a09]
V  [jvm.dll+0x229fc4]
V  [jvm.dll+0x14c6f1]
C  [java.exe+0x20b6]
C  [java.exe+0xc9bb]
C  [java.exe+0xca4f]
C  [KERNEL32.DLL+0x18102]
C  [ntdll.dll+0x5c5b4]


---------------  P R O C E S S  ---------------

Java Threads: ( => current thread )

Other Threads:

=>0x0000000002e60800 (exited) JavaThread "Unknown thread" [_thread_in_vm, id=9068, stack(0x0000000002d10000,0x0000000002e10000)]

VM state:not at safepoint (normal execution)

VM Mutex/Monitor currently owned by a thread: None

Heap:
 PSYoungGen      total 18944K, used 327K [0x00000000eab00000, 0x00000000ec000000, 0x0000000100000000)
  eden space 16384K, 2% used [0x00000000eab00000,0x00000000eab51ec8,0x00000000ebb00000)
  from space 2560K, 0% used [0x00000000ebd80000,0x00000000ebd80000,0x00000000ec000000)
  to   space 2560K, 0% used [0x00000000ebb00000,0x00000000ebb00000,0x00000000ebd80000)
 ParOldGen       total 44032K, used 0K [0x00000000c0000000, 0x00000000c2b00000, 0x00000000eab00000)
  object space 44032K, 0% used [0x00000000c0000000,0x00000000c0000000,0x00000000c2b00000)
 Metaspace       used 674K, capacity 4480K, committed 4480K, reserved 1056768K
  class space    used 66K, capacity 384K, committed 384K, reserved 1048576K

Card table byte_map: [0x0000000003320000,0x0000000003530000] byte_map_base: 0x0000000002d20000

Marking Bits: (ParMarkBitMap*) 0x000000005746b460
 Begin Bits: [0x0000000003a90000, 0x0000000004a90000)
 End Bits:   [0x0000000004a90000, 0x0000000005a90000)

Polling page: 0x00000000011e0000

CodeCache: size=245760Kb used=327Kb max_used=327Kb free=245432Kb
 bounds [0x000000000f010000, 0x000000000f280000, 0x000000001e010000]
 total_blobs=56 nmethods=0 adapters=37
 compilation: enabled

Compilation events (0 events):
No events

GC Heap History (0 events):
No events

Deoptimization events (0 events):
No events

Internal exceptions (0 events):
No events

Events (10 events):
Event: 0.028 loading class java/lang/Short
Event: 0.028 loading class java/lang/Short done
Event: 0.028 loading class java/lang/Integer
Event: 0.028 loading class java/lang/Integer done
Event: 0.028 loading class java/lang/Long
Event: 0.028 loading class java/lang/Long done
Event: 0.029 loading class java/lang/NullPointerException
Event: 0.029 loading class java/lang/NullPointerException done
Event: 0.029 loading class java/lang/ArithmeticException
Event: 0.030 loading class java/lang/ArithmeticException done


Dynamic libraries:
0x00007ff69ada0000 - 0x00007ff69add4000 	C:\Program Files\Java\jdk1.8.0_20\bin\java.exe
0x00007ffb535a0000 - 0x00007ffb53761000 	C:\WINDOWS\SYSTEM32\ntdll.dll
0x00007ffb531a0000 - 0x00007ffb5324d000 	C:\WINDOWS\system32\KERNEL32.DLL
0x00007ffb50700000 - 0x00007ffb508e8000 	C:\WINDOWS\system32\KERNELBASE.dll
0x00007ffb50ba0000 - 0x00007ffb50c47000 	C:\WINDOWS\system32\ADVAPI32.dll
0x00007ffb53500000 - 0x00007ffb5359d000 	C:\WINDOWS\system32\msvcrt.dll
0x00007ffb510e0000 - 0x00007ffb5113b000 	C:\WINDOWS\system32\sechost.dll
0x00007ffb53250000 - 0x00007ffb5336c000 	C:\WINDOWS\system32\RPCRT4.dll
0x00007ffb52bc0000 - 0x00007ffb52d16000 	C:\WINDOWS\system32\USER32.dll
0x00007ffb509a0000 - 0x00007ffb50b26000 	C:\WINDOWS\system32\GDI32.dll
0x00007ffb49c70000 - 0x00007ffb49ee4000 	C:\WINDOWS\WinSxS\amd64_microsoft.windows.common-controls_6595b64144ccf1df_6.0.10586.589_none_a2ddb3caa539acce\COMCTL32.dll
0x00007ffb52940000 - 0x00007ffb52bbd000 	C:\WINDOWS\system32\combase.dll
0x00007ffb505d0000 - 0x00007ffb5063a000 	C:\WINDOWS\system32\bcryptPrimitives.dll
0x00007ffb52d30000 - 0x00007ffb52d6b000 	C:\WINDOWS\system32\IMM32.DLL
0x00007ffb4fab0000 - 0x00007ffb4fae1000 	C:\Windows\system32\nvinitx.dll
0x00007ffb4faa0000 - 0x00007ffb4faaa000 	C:\WINDOWS\SYSTEM32\VERSION.dll
0x000000000f000000 - 0x000000000f006000 	C:\Program Files\NVIDIA Corporation\CoProcManager\_etoured.dll
0x00007ffb4e2d0000 - 0x00007ffb4e302000 	C:\Program Files\NVIDIA Corporation\CoProcManager\nvd3d9wrapx.dll
0x00007ffb52d70000 - 0x00007ffb53199000 	C:\WINDOWS\system32\SETUPAPI.dll
0x00007ffb50500000 - 0x00007ffb50543000 	C:\WINDOWS\system32\CFGMGR32.dll
0x00007ffb4e2a0000 - 0x00007ffb4e2c2000 	C:\Program Files\NVIDIA Corporation\CoProcManager\nvdxgiwrapx.dll
0x0000000056810000 - 0x00000000568e2000 	C:\Program Files\Java\jdk1.8.0_20\jre\bin\msvcr100.dll
0x0000000056c90000 - 0x00000000574e8000 	C:\Program Files\Java\jdk1.8.0_20\jre\bin\server\jvm.dll
0x00007ffb52780000 - 0x00007ffb52788000 	C:\WINDOWS\system32\PSAPI.DLL
0x00007ffb43df0000 - 0x00007ffb43df9000 	C:\WINDOWS\SYSTEM32\WSOCK32.dll
0x00007ffb50da0000 - 0x00007ffb50e0b000 	C:\WINDOWS\system32\WS2_32.dll
0x00007ffb4e270000 - 0x00007ffb4e293000 	C:\WINDOWS\SYSTEM32\WINMM.dll
0x00007ffb4de50000 - 0x00007ffb4de7c000 	C:\WINDOWS\SYSTEM32\WINMMBASE.dll
0x0000000057d20000 - 0x0000000057d2f000 	C:\Program Files\Java\jdk1.8.0_20\jre\bin\verify.dll
0x0000000056c60000 - 0x0000000056c88000 	C:\Program Files\Java\jdk1.8.0_20\jre\bin\java.dll
0x0000000056c40000 - 0x0000000056c56000 	C:\Program Files\Java\jdk1.8.0_20\jre\bin\zip.dll
0x00007ffb3f010000 - 0x00007ffb3f19c000 	C:\WINDOWS\SYSTEM32\dbghelp.dll

VM Arguments:
jvm_args: -Djava.awt.headless=true -Xmx1024M -Dfile.encoding=windows-1251 -Duser.country=RU -Duser.language=ru -Duser.variant 
java_command: com.android.dx.command.Main --dex --force-jumbo --num-threads=4 --multi-dex --output C:\Users\Sibic_000\AndroidStudioProjects\Tetris\Tetris\app\build\intermediates\transforms\dex\debug\folders\1000\10\instant-run_ffa81c3f95f9eb0deb42a9127c9451f1ed7c4367 C:\Users\Sibic_000\AndroidStudioProjects\Tetris\Tetris\app\build\intermediates\incremental-runtime-classes\debug\instant-run.jar
java_class_path (initial): D:\Development\Android_studio_dev\Sdk\build-tools\24.0.0\lib\dx.jar
Launcher Type: SUN_STANDARD

Environment Variables:
PATH=C:\ProgramData\Oracle\Java\javapath;C:\Program Files (x86)\PC Connectivity Solution\;C:\WINDOWS\system32;C:\WINDOWS;C:\WINDOWS\System32\Wbem;C:\WINDOWS\System32\WindowsPowerShell\v1.0\;C:\Program Files (x86)\Windows Live\Shared;C:\Windows\Microsoft.Net\Framework\v4.0.30319;D:\Development\TaoFramework\bin;D:\Development\TaoFramework\lib;C:\Program Files (x86)\Skype\Phone\;D:\Development\Git\cmd
USERNAME=Sibic_000
OS=Windows_NT
PROCESSOR_IDENTIFIER=Intel64 Family 6 Model 58 Stepping 9, GenuineIntel



---------------  S Y S T E M  ---------------

OS: Windows 8.1 , 64 bit Build 9600 

CPU:total 4 (2 cores per cpu, 2 threads per core) family 6 model 58 stepping 9, cmov, cx8, fxsr, mmx, sse, sse2, sse3, ssse3, sse4.1, sse4.2, popcnt, avx, clmul, erms, ht, tsc, tscinvbit, tscinv

Memory: 4k page, physical 4077168k(638460k free), swap 6245364k(82800k free)

vm_info: Java HotSpot(TM) 64-Bit Server VM (25.20-b23) for windows-amd64 JRE (1.8.0_20-b26), built on Jul 30 2014 13:51:23 by "java_re" with MS VC++ 10.0 (VS2010)

time: Tue Nov 08 01:23:11 2016
elapsed time: 0 seconds (0d 0h 0m 0s)

